ISim log file
Running: /home/juandcarrillo/Documents/GitHub/work01-camara-grupo-2/hw/test_cam_isim_beh.exe -intstyle ise -gui -tclbatch isim.cmd -wdb /home/juandcarrillo/Documents/GitHub/work01-camara-grupo-2/hw/test_cam_isim_beh.wdb 
ISim P.20131013 (signature 0xfbc00daa)
WARNING: A WEBPACK license was found.
WARNING: Please use Xilinx License Configuration Manager to check out a full ISim license.
WARNING: ISim will run in Lite mode. Please refer to the ISim documentation for more information on the differences between the Lite and the Full version.
This is a Lite version of ISim.
Time resolution is 1 ps
# onerror resume
# wave add /
# run 1000 ns
Simulator is doing circuit initialization process.
Finished circuit initialization process.
# isim force add /test_cam/clk 1 -radix bin
# isim force add /test_cam/clk 1 -radix bin
# isim force add /test_cam/clk 1 -radix bin
# isim force add /test_cam/rst 0 -radix bin
# isim force add /test_cam/rst 0 -radix bin
# isim force add /test_cam/clk 0 -radix bin -value 1 -radix bin -time 16 us -repeat 32 us
# isim force add /test_cam/clk 0 -radix bin -value 1 -radix bin -time 16 us -repeat 32 us
# isim force add /test_cam/data 11100111 -radix bin
# isim force add /test_cam/data 11100111 -radix bin
# isim force add /test_cam/href 0 -radix bin -value 1 -radix bin -time 2500 ns -repeat 5 us
# isim force add /test_cam/pclk 0 -radix bin -value 1 -radix bin -time 500 ns -repeat 1 us
# isim force add /test_cam/pclk 0 -radix bin -value 1 -radix bin -time 500 ns -repeat 1 us
# isim force add /test_cam/vsync 1 -radix bin -value 0 -radix bin -time 6 us -repeat 12 us
# isim force add /test_cam/vsync 1 -radix bin -value 0 -radix bin -time 6 us -repeat 12 us
# run .32us
# run 32us
# run 32us
# isim force add /test_cam/vsync 0 -radix bin -value 1 -radix bin -time 18 us -repeat 20 us
# isim force add /test_cam/vsync 0 -radix bin -value 1 -radix bin -time 18 us -repeat 20 us
# run 32us
# exit 0
